# JRE version: OpenJDK Runtime Environment (8.0_152-b06) (build 1.8.0_152-release-1136-b06)
# Java VM: OpenJDK 64-Bit Server VM (25.152-b06 mixed mode windows-amd64 compressed oops)
Heap:
 PSYoungGen      total 455680K, used 144095K [0x00000000e0000000, 0x00000000ffc80000, 0x0000000100000000)
  eden space 396800K, 28% used [0x00000000e0000000,0x00000000e6dbe480,0x00000000f8380000)
  from space 58880K, 53% used [0x00000000fc300000,0x00000000fe1f97d8,0x00000000ffc80000)
  to   space 61952K, 0% used [0x00000000f8380000,0x00000000f8380000,0x00000000fc000000)
 ParOldGen       total 241152K, used 213649K [0x00000000a0000000, 0x00000000aeb80000, 0x00000000e0000000)
  object space 241152K, 88% used [0x00000000a0000000,0x00000000ad0a44f8,0x00000000aeb80000)
 Metaspace       used 127837K, capacity 136538K, committed 136704K, reserved 1169408K
  class space    used 15459K, capacity 17122K, committed 17152K, reserved 1048576K
GC Heap History (10 events):
Event: 2777.862 GC heap before
{Heap before GC invocations=74 (full 4):
 PSYoungGen      total 468480K, used 467917K [0x00000000e0000000, 0x0000000100000000, 0x0000000100000000)
  eden space 414720K, 99% used [0x00000000e0000000,0x00000000f94eb798,0x00000000f9500000)
  from space 53760K, 99% used [0x00000000f9500000,0x00000000fc907ed0,0x00000000fc980000)
  to   space 55808K, 0% used [0x00000000fc980000,0x00000000fc980000,0x0000000100000000)
 ParOldGen       total 241152K, used 213091K [0x00000000a0000000, 0x00000000aeb80000, 0x00000000e0000000)
  object space 241152K, 88% used [0x00000000a0000000,0x00000000ad018e88,0x00000000aeb80000)
 Metaspace       used 124877K, capacity 132730K, committed 132992K, reserved 1165312K
  class space    used 15197K, capacity 16666K, committed 16768K, reserved 1048576K
Event: 2777.878 GC heap after
Heap after GC invocations=74 (full 4):
 PSYoungGen      total 460288K, used 20171K [0x00000000e0000000, 0x0000000100000000, 0x0000000100000000)
  eden space 404480K, 0% used [0x00000000e0000000,0x00000000e0000000,0x00000000f8b00000)
  from space 55808K, 36% used [0x00000000fc980000,0x00000000fdd32c70,0x0000000100000000)
  to   space 59904K, 0% used [0x00000000f8b00000,0x00000000f8b00000,0x00000000fc580000)
 ParOldGen       total 241152K, used 213099K [0x00000000a0000000, 0x00000000aeb80000, 0x00000000e0000000)
  object space 241152K, 88% used [0x00000000a0000000,0x00000000ad01ae88,0x00000000aeb80000)
 Metaspace       used 124877K, capacity 132730K, committed 132992K, reserved 1165312K
  class space    used 15197K, capacity 16666K, committed 16768K, reserved 1048576K
}
Event: 3277.085 GC heap before
{Heap before GC invocations=75 (full 4):
 PSYoungGen      total 460288K, used 424651K [0x00000000e0000000, 0x0000000100000000, 0x0000000100000000)
  eden space 404480K, 100% used [0x00000000e0000000,0x00000000f8b00000,0x00000000f8b00000)
  from space 55808K, 36% used [0x00000000fc980000,0x00000000fdd32c70,0x0000000100000000)
  to   space 59904K, 0% used [0x00000000f8b00000,0x00000000f8b00000,0x00000000fc580000)
 ParOldGen       total 241152K, used 213099K [0x00000000a0000000, 0x00000000aeb80000, 0x00000000e0000000)
  object space 241152K, 88% used [0x00000000a0000000,0x00000000ad01ae88,0x00000000aeb80000)
 Metaspace       used 125543K, capacity 133702K, committed 133888K, reserved 1167360K
  class space    used 15251K, capacity 16832K, committed 16896K, reserved 1048576K
Event: 3277.103 GC heap after
Heap after GC invocations=75 (full 4):
 PSYoungGen      total 464384K, used 16759K [0x00000000e0000000, 0x00000000fff00000, 0x0000000100000000)
  eden space 404480K, 0% used [0x00000000e0000000,0x00000000e0000000,0x00000000f8b00000)
  from space 59904K, 27% used [0x00000000f8b00000,0x00000000f9b5dd58,0x00000000fc580000)
  to   space 57344K, 0% used [0x00000000fc700000,0x00000000fc700000,0x00000000fff00000)
 ParOldGen       total 241152K, used 213107K [0x00000000a0000000, 0x00000000aeb80000, 0x00000000e0000000)
  object space 241152K, 88% used [0x00000000a0000000,0x00000000ad01ce88,0x00000000aeb80000)
 Metaspace       used 125543K, capacity 133702K, committed 133888K, reserved 1167360K
  class space    used 15251K, capacity 16832K, committed 16896K, reserved 1048576K
}
Event: 4692.245 GC heap before
{Heap before GC invocations=76 (full 4):
 PSYoungGen      total 464384K, used 421239K [0x00000000e0000000, 0x00000000fff00000, 0x0000000100000000)
  eden space 404480K, 100% used [0x00000000e0000000,0x00000000f8b00000,0x00000000f8b00000)
  from space 59904K, 27% used [0x00000000f8b00000,0x00000000f9b5dd58,0x00000000fc580000)
  to   space 57344K, 0% used [0x00000000fc700000,0x00000000fc700000,0x00000000fff00000)
 ParOldGen       total 241152K, used 213107K [0x00000000a0000000, 0x00000000aeb80000, 0x00000000e0000000)
  object space 241152K, 88% used [0x00000000a0000000,0x00000000ad01ce88,0x00000000aeb80000)
 Metaspace       used 127595K, capacity 136250K, committed 136448K, reserved 1169408K
  class space    used 15449K, capacity 17108K, committed 17152K, reserved 1048576K
Event: 4692.364 GC heap after
Heap after GC invocations=76 (full 4):
 PSYoungGen      total 451584K, used 52654K [0x00000000e0000000, 0x0000000100000000, 0x0000000100000000)
  eden space 394240K, 0% used [0x00000000e0000000,0x00000000e0000000,0x00000000f8100000)
  from space 57344K, 91% used [0x00000000fc700000,0x00000000ffa6b9c0,0x00000000fff00000)
  to   space 65024K, 0% used [0x00000000f8100000,0x00000000f8100000,0x00000000fc080000)
 ParOldGen       total 241152K, used 213115K [0x00000000a0000000, 0x00000000aeb80000, 0x00000000e0000000)
  object space 241152K, 88% used [0x00000000a0000000,0x00000000ad01ee88,0x00000000aeb80000)
 Metaspace       used 127595K, capacity 136250K, committed 136448K, reserved 1169408K
  class space    used 15449K, capacity 17108K, committed 17152K, reserved 1048576K
}
Event: 4703.942 GC heap before
{Heap before GC invocations=77 (full 4):
 PSYoungGen      total 451584K, used 446805K [0x00000000e0000000, 0x0000000100000000, 0x0000000100000000)
  eden space 394240K, 99% used [0x00000000e0000000,0x00000000f80e9ab0,0x00000000f8100000)
  from space 57344K, 91% used [0x00000000fc700000,0x00000000ffa6b9c0,0x00000000fff00000)
  to   space 65024K, 0% used [0x00000000f8100000,0x00000000f8100000,0x00000000fc080000)
 ParOldGen       total 241152K, used 213115K [0x00000000a0000000, 0x00000000aeb80000, 0x00000000e0000000)
  object space 241152K, 88% used [0x00000000a0000000,0x00000000ad01ee88,0x00000000aeb80000)
 Metaspace       used 127709K, capacity 136326K, committed 136448K, reserved 1169408K
  class space    used 15450K, capacity 17110K, committed 17152K, reserved 1048576K
Event: 4703.992 GC heap after
Heap after GC invocations=77 (full 4):
 PSYoungGen      total 459264K, used 15962K [0x00000000e0000000, 0x0000000100000000, 0x0000000100000000)
  eden space 394240K, 0% used [0x00000000e0000000,0x00000000e0000000,0x00000000f8100000)
  from space 65024K, 24% used [0x00000000f8100000,0x00000000f9096a28,0x00000000fc080000)
  to   space 62464K, 0% used [0x00000000fc300000,0x00000000fc300000,0x0000000100000000)
 ParOldGen       total 241152K, used 213456K [0x00000000a0000000, 0x00000000aeb80000, 0x00000000e0000000)
  object space 241152K, 88% used [0x00000000a0000000,0x00000000ad0742c8,0x00000000aeb80000)
 Metaspace       used 127709K, capacity 136326K, committed 136448K, reserved 1169408K
  class space    used 15450K, capacity 17110K, committed 17152K, reserved 1048576K
}
Event: 4727.876 GC heap before
{Heap before GC invocations=78 (full 4):
 PSYoungGen      total 459264K, used 392861K [0x00000000e0000000, 0x0000000100000000, 0x0000000100000000)
  eden space 394240K, 95% used [0x00000000e0000000,0x00000000f7010ae0,0x00000000f8100000)
  from space 65024K, 24% used [0x00000000f8100000,0x00000000f9096a28,0x00000000fc080000)
  to   space 62464K, 0% used [0x00000000fc300000,0x00000000fc300000,0x0000000100000000)
 ParOldGen       total 241152K, used 213456K [0x00000000a0000000, 0x00000000aeb80000, 0x00000000e0000000)
  object space 241152K, 88% used [0x00000000a0000000,0x00000000ad0742c8,0x00000000aeb80000)
 Metaspace       used 127819K, capacity 136538K, committed 136704K, reserved 1169408K
  class space    used 15458K, capacity 17122K, committed 17152K, reserved 1048576K
Event: 4727.916 GC heap after
Heap after GC invocations=78 (full 4):
 PSYoungGen      total 455680K, used 31717K [0x00000000e0000000, 0x00000000ffc80000, 0x0000000100000000)
  eden space 396800K, 0% used [0x00000000e0000000,0x00000000e0000000,0x00000000f8380000)
  from space 58880K, 53% used [0x00000000fc300000,0x00000000fe1f97d8,0x00000000ffc80000)
  to   space 61952K, 0% used [0x00000000f8380000,0x00000000f8380000,0x00000000fc000000)
 ParOldGen       total 241152K, used 213649K [0x00000000a0000000, 0x00000000aeb80000, 0x00000000e0000000)
  object space 241152K, 88% used [0x00000000a0000000,0x00000000ad0a44f8,0x00000000aeb80000)
 Metaspace       used 127819K, capacity 136538K, committed 136704K, reserved 1169408K
  class space    used 15458K, capacity 17122K, committed 17152K, reserved 1048576K
}

